# JRE version: Java(TM) SE Runtime Environment (8.0_65-b17) (build 1.8.0_65-b17)
# Java VM: Java HotSpot(TM) 64-Bit Server VM (25.65-b01 mixed mode windows-amd64 compressed oops)
Heap:
 PSYoungGen      total 77824K, used 45056K [0x00000000eab00000, 0x00000000f4e80000, 0x0000000100000000)
  eden space 45056K, 100% used [0x00000000eab00000,0x00000000ed700000,0x00000000ed700000)
  from space 32768K, 0% used [0x00000000f0600000,0x00000000f0600000,0x00000000f2600000)
  to   space 48128K, 0% used [0x00000000ed700000,0x00000000ed700000,0x00000000f0600000)
 ParOldGen       total 96256K, used 96006K [0x00000000c0000000, 0x00000000c5e00000, 0x00000000eab00000)
  object space 96256K, 99% used [0x00000000c0000000,0x00000000c5dc1a38,0x00000000c5e00000)
 Metaspace       used 6367K, capacity 7128K, committed 7424K, reserved 1056768K
  class space    used 618K, capacity 656K, committed 768K, reserved 1048576K
GC Heap History (10 events):
Event: 21.419 GC heap after
Heap after GC invocations=9 (full 1):
 PSYoungGen      total 77824K, used 32746K [0x00000000eab00000, 0x00000000f4e80000, 0x0000000100000000)
  eden space 45056K, 0% used [0x00000000eab00000,0x00000000eab00000,0x00000000ed700000)
  from space 32768K, 99% used [0x00000000f0600000,0x00000000f25faab0,0x00000000f2600000)
  to   space 48128K, 0% used [0x00000000ed700000,0x00000000ed700000,0x00000000f0600000)
 ParOldGen       total 96256K, used 68365K [0x00000000c0000000, 0x00000000c5e00000, 0x00000000eab00000)
  object space 96256K, 71% used [0x00000000c0000000,0x00000000c42c37a8,0x00000000c5e00000)
 Metaspace       used 6367K, capacity 7128K, committed 7424K, reserved 1056768K
  class space    used 618K, capacity 656K, committed 768K, reserved 1048576K
}
Event: 21.419 GC heap before
{Heap before GC invocations=10 (full 2):
 PSYoungGen      total 77824K, used 32746K [0x00000000eab00000, 0x00000000f4e80000, 0x0000000100000000)
  eden space 45056K, 0% used [0x00000000eab00000,0x00000000eab00000,0x00000000ed700000)
  from space 32768K, 99% used [0x00000000f0600000,0x00000000f25faab0,0x00000000f2600000)
  to   space 48128K, 0% used [0x00000000ed700000,0x00000000ed700000,0x00000000f0600000)
 ParOldGen       total 96256K, used 68365K [0x00000000c0000000, 0x00000000c5e00000, 0x00000000eab00000)
  object space 96256K, 71% used [0x00000000c0000000,0x00000000c42c37a8,0x00000000c5e00000)
 Metaspace       used 6367K, capacity 7128K, committed 7424K, reserved 1056768K
  class space    used 618K, capacity 656K, committed 768K, reserved 1048576K
Event: 22.401 GC heap after
Heap after GC invocations=10 (full 2):
 PSYoungGen      total 77824K, used 0K [0x00000000eab00000, 0x00000000f4e80000, 0x0000000100000000)
  eden space 45056K, 0% used [0x00000000eab00000,0x00000000eab00000,0x00000000ed700000)
  from space 32768K, 0% used [0x00000000f0600000,0x00000000f0600000,0x00000000f2600000)
  to   space 48128K, 0% used [0x00000000ed700000,0x00000000ed700000,0x00000000f0600000)
 ParOldGen       total 96256K, used 94932K [0x00000000c0000000, 0x00000000c5e00000, 0x00000000eab00000)
  object space 96256K, 98% used [0x00000000c0000000,0x00000000c5cb5350,0x00000000c5e00000)
 Metaspace       used 6367K, capacity 7128K, committed 7424K, reserved 1056768K
  class space    used 618K, capacity 656K, committed 768K, reserved 1048576K
}
Event: 22.546 GC heap before
{Heap before GC invocations=11 (full 3):
 PSYoungGen      total 77824K, used 45056K [0x00000000eab00000, 0x00000000f4e80000, 0x0000000100000000)
  eden space 45056K, 100% used [0x00000000eab00000,0x00000000ed700000,0x00000000ed700000)
  from space 32768K, 0% used [0x00000000f0600000,0x00000000f0600000,0x00000000f2600000)
  to   space 48128K, 0% used [0x00000000ed700000,0x00000000ed700000,0x00000000f0600000)
 ParOldGen       total 96256K, used 94932K [0x00000000c0000000, 0x00000000c5e00000, 0x00000000eab00000)
  object space 96256K, 98% used [0x00000000c0000000,0x00000000c5cb5350,0x00000000c5e00000)
 Metaspace       used 6367K, capacity 7128K, committed 7424K, reserved 1056768K
  class space    used 618K, capacity 656K, committed 768K, reserved 1048576K
Event: 23.022 GC heap after
Heap after GC invocations=11 (full 3):
 PSYoungGen      total 77824K, used 18193K [0x00000000eab00000, 0x00000000f4e80000, 0x0000000100000000)
  eden space 45056K, 40% used [0x00000000eab00000,0x00000000ebcc4710,0x00000000ed700000)
  from space 32768K, 0% used [0x00000000f0600000,0x00000000f0600000,0x00000000f2600000)
  to   space 48128K, 0% used [0x00000000ed700000,0x00000000ed700000,0x00000000f0600000)
 ParOldGen       total 96256K, used 96060K [0x00000000c0000000, 0x00000000c5e00000, 0x00000000eab00000)
  object space 96256K, 99% used [0x00000000c0000000,0x00000000c5dcf030,0x00000000c5e00000)
 Metaspace       used 6367K, capacity 7128K, committed 7424K, reserved 1056768K
  class space    used 618K, capacity 656K, committed 768K, reserved 1048576K
}
Event: 23.038 GC heap before
{Heap before GC invocations=12 (full 4):
 PSYoungGen      total 77824K, used 45056K [0x00000000eab00000, 0x00000000f4e80000, 0x0000000100000000)
  eden space 45056K, 100% used [0x00000000eab00000,0x00000000ed700000,0x00000000ed700000)
  from space 32768K, 0% used [0x00000000f0600000,0x00000000f0600000,0x00000000f2600000)
  to   space 48128K, 0% used [0x00000000ed700000,0x00000000ed700000,0x00000000f0600000)
 ParOldGen       total 96256K, used 96060K [0x00000000c0000000, 0x00000000c5e00000, 0x00000000eab00000)
  object space 96256K, 99% used [0x00000000c0000000,0x00000000c5dcf030,0x00000000c5e00000)
 Metaspace       used 6367K, capacity 7128K, committed 7424K, reserved 1056768K
  class space    used 618K, capacity 656K, committed 768K, reserved 1048576K
Event: 23.245 GC heap after
Heap after GC invocations=12 (full 4):
 PSYoungGen      total 77824K, used 32621K [0x00000000eab00000, 0x00000000f4e80000, 0x0000000100000000)
  eden space 45056K, 72% used [0x00000000eab00000,0x00000000ecadb6c0,0x00000000ed700000)
  from space 32768K, 0% used [0x00000000f0600000,0x00000000f0600000,0x00000000f2600000)
  to   space 48128K, 0% used [0x00000000ed700000,0x00000000ed700000,0x00000000f0600000)
 ParOldGen       total 96256K, used 96006K [0x00000000c0000000, 0x00000000c5e00000, 0x00000000eab00000)
  object space 96256K, 99% used [0x00000000c0000000,0x00000000c5dc1a38,0x00000000c5e00000)
 Metaspace       used 6367K, capacity 7128K, committed 7424K, reserved 1056768K
  class space    used 618K, capacity 656K, committed 768K, reserved 1048576K
}
Event: 23.289 GC heap before
{Heap before GC invocations=13 (full 5):
 PSYoungGen      total 77824K, used 45056K [0x00000000eab00000, 0x00000000f4e80000, 0x0000000100000000)
  eden space 45056K, 100% used [0x00000000eab00000,0x00000000ed700000,0x00000000ed700000)
  from space 32768K, 0% used [0x00000000f0600000,0x00000000f0600000,0x00000000f2600000)
  to   space 48128K, 0% used [0x00000000ed700000,0x00000000ed700000,0x00000000f0600000)
 ParOldGen       total 96256K, used 96006K [0x00000000c0000000, 0x00000000c5e00000, 0x00000000eab00000)
  object space 96256K, 99% used [0x00000000c0000000,0x00000000c5dc1a38,0x00000000c5e00000)
 Metaspace       used 6367K, capacity 7128K, committed 7424K, reserved 1056768K
  class space    used 618K, capacity 656K, committed 768K, reserved 1048576K
Event: 23.464 GC heap after
Heap after GC invocations=13 (full 5):
 PSYoungGen      total 77824K, used 40999K [0x00000000eab00000, 0x00000000f4e80000, 0x0000000100000000)
  eden space 45056K, 90% used [0x00000000eab00000,0x00000000ed309ff8,0x00000000ed700000)
  from space 32768K, 0% used [0x00000000f0600000,0x00000000f0600000,0x00000000f2600000)
  to   space 48128K, 0% used [0x00000000ed700000,0x00000000ed700000,0x00000000f0600000)
 ParOldGen       total 96256K, used 96006K [0x00000000c0000000, 0x00000000c5e00000, 0x00000000eab00000)
  object space 96256K, 99% used [0x00000000c0000000,0x00000000c5dc1a38,0x00000000c5e00000)
 Metaspace       used 6367K, capacity 7128K, committed 7424K, reserved 1056768K
  class space    used 618K, capacity 656K, committed 768K, reserved 1048576K
}
Event: 23.499 GC heap before
{Heap before GC invocations=14 (full 6):
 PSYoungGen      total 77824K, used 45056K [0x00000000eab00000, 0x00000000f4e80000, 0x0000000100000000)
  eden space 45056K, 100% used [0x00000000eab00000,0x00000000ed700000,0x00000000ed700000)
  from space 32768K, 0% used [0x00000000f0600000,0x00000000f0600000,0x00000000f2600000)
  to   space 48128K, 0% used [0x00000000ed700000,0x00000000ed700000,0x00000000f0600000)
 ParOldGen       total 96256K, used 96006K [0x00000000c0000000, 0x00000000c5e00000, 0x00000000eab00000)
  object space 96256K, 99% used [0x00000000c0000000,0x00000000c5dc1a38,0x00000000c5e00000)
 Metaspace       used 6367K, capacity 7128K, committed 7424K, reserved 1056768K
  class space    used 618K, capacity 656K, committed 768K, reserved 1048576K

